
=== Thu May 30 17:40:02 2019

Packages were changed.
Update Mode: mergeDefaultDependencies

The following packages were added:
  com.unity.timeline@1.0.0
The following packages were updated:
  com.unity.analytics from version 3.2.2 to 3.3.2
  com.unity.collab-proxy from version 1.2.9 to 1.2.16
  com.unity.package-manager-ui from version 2.1.1 to 2.1.2
  com.unity.purchasing from version 2.0.1 to 2.0.6
  com.unity.textmeshpro from version 1.3.0 to 2.0.0

=== Wed Sep  4 21:01:08 2019

Packages were changed.
Update Mode: updateDependencies

The following packages were added:
  com.unity.2d.tilemap@1.0.0
  com.unity.ext.nunit@1.0.0
  com.unity.test-framework@1.0.13
  com.unity.2d.sprite@1.0.0
  com.unity.ide.vscode@1.1.0
  com.unity.ide.rider@1.1.0
  com.unity.ugui@1.0.0
  com.unity.modules.androidjni@1.0.0
The following packages were updated:
  com.unity.package-manager-ui from version 2.1.2 to 2.2.0
  com.unity.render-pipelines.lightweight from version 5.16.1 to 6.9.0
  com.unity.shadergraph from version 5.16.1 to 6.9.0
  com.unity.timeline from version 1.0.0 to 1.1.0

=== Thu Nov 28 02:13:32 2019

Packages were changed.
Update Mode: updateDependencies

The following packages were updated:
  com.unity.ide.vscode from version 1.1.2 to 1.1.3
  com.unity.postprocessing from version 2.1.7 to 2.2.1
  com.unity.render-pipelines.lightweight from version 6.9.1 to 7.1.5
  com.unity.shadergraph from version 6.9.1 to 7.1.5
  com.unity.test-framework from version 1.0.18 to 1.1.3
  com.unity.timeline from version 1.1.0 to 1.2.6
The following packages were removed:
  com.unity.package-manager-ui@2.2.0

=== Tue Oct 20 17:22:15 2020

Packages were changed.
Update Mode: updateDependencies

The following packages were added:
  com.unity.ide.visualstudio@2.0.2
The following packages were updated:
  com.unity.ide.vscode from version 1.1.3 to 1.2.2
  com.unity.postprocessing from version 2.2.2 to 2.3.0
  com.unity.render-pipelines.lightweight from version 7.1.6 to 8.2.0
  com.unity.shadergraph from version 7.1.6 to 8.2.0
  com.unity.test-framework from version 1.1.3 to 1.1.16
  com.unity.textmeshpro from version 2.0.1 to 3.0.1
